{"timestamp":"2025-08-19T21:06:49.266Z","level":"INFO","message":"System: Server startup initiated","event":"Server startup initiated","system":true,"pid":66695,"hostname":"ubuntu-desktop"}
{"timestamp":"2025-08-19T21:06:49.270Z","level":"INFO","message":"System: Database initialized","event":"Database initialized","system":true,"pid":66695,"hostname":"ubuntu-desktop"}
{"timestamp":"2025-08-19T21:06:49.272Z","level":"INFO","message":"System: Server started successfully","event":"Server started successfully","port":3000,"url":"http://localhost:3000","system":true,"pid":66695,"hostname":"ubuntu-desktop"}
{"timestamp":"2025-08-19T21:06:49.852Z","level":"INFO","message":"Request received","requestId":"2z5jyndl1","method":"POST","url":"/api/auth/login","userAgent":"PostmanRuntime/7.45.0","ip":"::1","pid":66695,"hostname":"ubuntu-desktop"}
{"timestamp":"2025-08-19T21:06:49.859Z","level":"INFO","message":"Login attempt","requestId":"2z5jyndl1","identifier":"testepaginaco","ip":"::1","pid":66695,"hostname":"ubuntu-desktop"}
{"timestamp":"2025-08-19T21:06:49.862Z","level":"INFO","message":"Request completed","requestId":"2z5jyndl1","method":"POST","url":"/api/auth/login","statusCode":401,"duration":10,"pid":66695,"hostname":"ubuntu-desktop"}
{"timestamp":"2025-08-19T21:07:06.386Z","level":"INFO","message":"System: Server startup initiated","event":"Server startup initiated","system":true,"pid":66777,"hostname":"ubuntu-desktop"}
{"timestamp":"2025-08-19T21:07:06.390Z","level":"INFO","message":"System: Database initialized","event":"Database initialized","system":true,"pid":66777,"hostname":"ubuntu-desktop"}
{"timestamp":"2025-08-19T21:07:06.391Z","level":"INFO","message":"System: Server started successfully","event":"Server started successfully","port":3000,"url":"http://localhost:3000","system":true,"pid":66777,"hostname":"ubuntu-desktop"}
{"timestamp":"2025-08-19T21:07:08.395Z","level":"INFO","message":"Request received","requestId":"ba4gvcfco","method":"POST","url":"/api/endpoint-que-nao-existe","userAgent":"PostmanRuntime/7.45.0","ip":"::1","pid":66777,"hostname":"ubuntu-desktop"}
{"timestamp":"2025-08-19T21:07:08.401Z","level":"INFO","message":"Request completed","requestId":"ba4gvcfco","method":"POST","url":"/api/endpoint-que-nao-existe","statusCode":404,"duration":6,"pid":66777,"hostname":"ubuntu-desktop"}
{"timestamp":"2025-08-19T21:07:20.056Z","level":"INFO","message":"Request received","requestId":"43jr2lwm7","method":"GET","url":"/api/endpoint-que-nao-existe","userAgent":"curl/8.5.0","ip":"::1","pid":66777,"hostname":"ubuntu-desktop"}
{"timestamp":"2025-08-19T21:07:20.057Z","level":"INFO","message":"Request completed","requestId":"43jr2lwm7","method":"GET","url":"/api/endpoint-que-nao-existe","statusCode":404,"duration":1,"pid":66777,"hostname":"ubuntu-desktop"}
{"timestamp":"2025-08-19T21:07:36.553Z","level":"INFO","message":"Request received","requestId":"phwxxppy8","method":"POST","url":"/api/tasks","userAgent":"PostmanRuntime/7.45.0","ip":"::1","pid":66777,"hostname":"ubuntu-desktop"}
{"timestamp":"2025-08-19T21:07:36.554Z","level":"INFO","message":"Request completed","requestId":"phwxxppy8","method":"POST","url":"/api/tasks","statusCode":401,"duration":1,"pid":66777,"hostname":"ubuntu-desktop"}
{"timestamp":"2025-08-19T21:07:50.520Z","level":"INFO","message":"Request received","requestId":"pgvuuy68w","method":"POST","url":"/api/auth/login","userAgent":"PostmanRuntime/7.45.0","ip":"::1","pid":66777,"hostname":"ubuntu-desktop"}
{"timestamp":"2025-08-19T21:07:50.522Z","level":"INFO","message":"Login attempt","requestId":"pgvuuy68w","identifier":"testepaginaco","ip":"::1","pid":66777,"hostname":"ubuntu-desktop"}
{"timestamp":"2025-08-19T21:07:50.523Z","level":"INFO","message":"Request completed","requestId":"pgvuuy68w","method":"POST","url":"/api/auth/login","statusCode":401,"duration":3,"pid":66777,"hostname":"ubuntu-desktop"}
{"timestamp":"2025-08-19T21:07:53.869Z","level":"INFO","message":"Request received","requestId":"jqrngjey3","method":"POST","url":"/api/auth/login","userAgent":"PostmanRuntime/7.45.0","ip":"::1","pid":66777,"hostname":"ubuntu-desktop"}
{"timestamp":"2025-08-19T21:07:53.870Z","level":"INFO","message":"Login attempt","requestId":"jqrngjey3","identifier":"testepaginacao","ip":"::1","pid":66777,"hostname":"ubuntu-desktop"}
{"timestamp":"2025-08-19T21:07:54.112Z","level":"INFO","message":"Login successful","requestId":"jqrngjey3","userId":"78717879-c34b-409d-8c86-98fda5724d6d","username":"testepaginacao","pid":66777,"hostname":"ubuntu-desktop"}
{"timestamp":"2025-08-19T21:07:54.113Z","level":"INFO","message":"Request completed","requestId":"jqrngjey3","method":"POST","url":"/api/auth/login","statusCode":200,"duration":243,"pid":66777,"hostname":"ubuntu-desktop"}
{"timestamp":"2025-08-19T21:08:06.139Z","level":"INFO","message":"Request received","requestId":"tkejnit22","method":"GET","url":"/api/tasks","userAgent":"PostmanRuntime/7.45.0","ip":"::1","pid":66777,"hostname":"ubuntu-desktop"}
{"timestamp":"2025-08-19T21:08:06.141Z","level":"INFO","message":"Tasks list requested","requestId":"tkejnit22","userId":"78717879-c34b-409d-8c86-98fda5724d6d","filters":{},"pid":66777,"hostname":"ubuntu-desktop"}
{"timestamp":"2025-08-19T21:08:06.142Z","level":"INFO","message":"Performance: tasks-list","operation":"tasks-list","duration":1,"userId":"78717879-c34b-409d-8c86-98fda5724d6d","totalItems":3,"returnedItems":3,"page":1,"performance":true,"pid":66777,"hostname":"ubuntu-desktop"}
{"timestamp":"2025-08-19T21:08:06.143Z","level":"INFO","message":"Request completed","requestId":"tkejnit22","method":"GET","url":"/api/tasks","statusCode":200,"duration":4,"userId":"78717879-c34b-409d-8c86-98fda5724d6d","pid":66777,"hostname":"ubuntu-desktop"}
{"timestamp":"2025-08-19T21:08:11.320Z","level":"INFO","message":"Request received","requestId":"2ciflf623","method":"GET","url":"/api/taskss","userAgent":"PostmanRuntime/7.45.0","ip":"::1","pid":66777,"hostname":"ubuntu-desktop"}
{"timestamp":"2025-08-19T21:08:11.321Z","level":"INFO","message":"Request completed","requestId":"2ciflf623","method":"GET","url":"/api/taskss","statusCode":404,"duration":1,"pid":66777,"hostname":"ubuntu-desktop"}
{"timestamp":"2025-08-19T21:08:18.493Z","level":"INFO","message":"Request received","requestId":"54jwjnzx1","method":"POST","url":"/api/tasks","userAgent":"PostmanRuntime/7.45.0","ip":"::1","pid":66777,"hostname":"ubuntu-desktop"}
{"timestamp":"2025-08-19T21:08:18.495Z","level":"INFO","message":"Request completed","requestId":"54jwjnzx1","method":"POST","url":"/api/tasks","statusCode":400,"duration":3,"userId":"78717879-c34b-409d-8c86-98fda5724d6d","pid":66777,"hostname":"ubuntu-desktop"}
{"timestamp":"2025-08-19T21:08:27.047Z","level":"INFO","message":"Request received","requestId":"o0q84dnyr","method":"POST","url":"/api/tasks","userAgent":"PostmanRuntime/7.45.0","ip":"::1","pid":66777,"hostname":"ubuntu-desktop"}
{"timestamp":"2025-08-19T21:08:27.048Z","level":"INFO","message":"Request completed","requestId":"o0q84dnyr","method":"POST","url":"/api/tasks","statusCode":400,"duration":1,"userId":"78717879-c34b-409d-8c86-98fda5724d6d","pid":66777,"hostname":"ubuntu-desktop"}
{"timestamp":"2025-08-19T21:08:29.150Z","level":"INFO","message":"Request received","requestId":"fhupekr0r","method":"POST","url":"/api/tasks","userAgent":"PostmanRuntime/7.45.0","ip":"::1","pid":66777,"hostname":"ubuntu-desktop"}
{"timestamp":"2025-08-19T21:08:29.152Z","level":"INFO","message":"Request completed","requestId":"fhupekr0r","method":"POST","url":"/api/tasks","statusCode":400,"duration":2,"userId":"78717879-c34b-409d-8c86-98fda5724d6d","pid":66777,"hostname":"ubuntu-desktop"}
{"timestamp":"2025-08-19T21:08:53.903Z","level":"INFO","message":"Request received","requestId":"obokow3yu","method":"POST","url":"/api/tasks","userAgent":"PostmanRuntime/7.45.0","ip":"::1","pid":66777,"hostname":"ubuntu-desktop"}
{"timestamp":"2025-08-19T21:08:53.905Z","level":"INFO","message":"Request completed","requestId":"obokow3yu","method":"POST","url":"/api/tasks","statusCode":400,"duration":2,"userId":"78717879-c34b-409d-8c86-98fda5724d6d","pid":66777,"hostname":"ubuntu-desktop"}
{"timestamp":"2025-08-19T21:08:57.235Z","level":"INFO","message":"System: Server startup initiated","event":"Server startup initiated","system":true,"pid":67621,"hostname":"ubuntu-desktop"}
{"timestamp":"2025-08-19T21:08:57.240Z","level":"INFO","message":"System: Database initialized","event":"Database initialized","system":true,"pid":67621,"hostname":"ubuntu-desktop"}
{"timestamp":"2025-08-19T21:08:57.241Z","level":"INFO","message":"System: Server started successfully","event":"Server started successfully","port":3000,"url":"http://localhost:3000","system":true,"pid":67621,"hostname":"ubuntu-desktop"}
{"timestamp":"2025-08-19T21:09:02.544Z","level":"INFO","message":"Request received","requestId":"3jhiklhor","method":"POST","url":"/api/tasks","userAgent":"PostmanRuntime/7.45.0","ip":"::1","pid":67621,"hostname":"ubuntu-desktop"}
{"timestamp":"2025-08-19T21:09:02.553Z","level":"INFO","message":"Request completed","requestId":"3jhiklhor","method":"POST","url":"/api/tasks","statusCode":400,"duration":9,"userId":"78717879-c34b-409d-8c86-98fda5724d6d","pid":67621,"hostname":"ubuntu-desktop"}
{"timestamp":"2025-08-19T21:10:03.534Z","level":"INFO","message":"Request received","requestId":"q2zsp7tc3","method":"POST","url":"/api/tasks","userAgent":"PostmanRuntime/7.45.0","ip":"::1","pid":67621,"hostname":"ubuntu-desktop"}
{"timestamp":"2025-08-19T21:10:03.538Z","level":"INFO","message":"Request completed","requestId":"q2zsp7tc3","method":"POST","url":"/api/tasks","statusCode":400,"duration":4,"userId":"78717879-c34b-409d-8c86-98fda5724d6d","pid":67621,"hostname":"ubuntu-desktop"}
{"timestamp":"2025-08-19T21:11:02.106Z","level":"INFO","message":"System: Server startup initiated","event":"Server startup initiated","system":true,"pid":67810,"hostname":"ubuntu-desktop"}
{"timestamp":"2025-08-19T21:11:02.116Z","level":"INFO","message":"System: Database initialized","event":"Database initialized","system":true,"pid":67810,"hostname":"ubuntu-desktop"}
{"timestamp":"2025-08-19T21:11:02.118Z","level":"INFO","message":"System: Server started successfully","event":"Server started successfully","port":3000,"url":"http://localhost:3000","system":true,"pid":67810,"hostname":"ubuntu-desktop"}
{"timestamp":"2025-08-19T21:13:04.254Z","level":"INFO","message":"System: Server startup initiated","event":"Server startup initiated","system":true,"pid":67910,"hostname":"ubuntu-desktop"}
{"timestamp":"2025-08-19T21:13:04.259Z","level":"INFO","message":"System: Database initialized","event":"Database initialized","system":true,"pid":67910,"hostname":"ubuntu-desktop"}
{"timestamp":"2025-08-19T21:13:04.261Z","level":"INFO","message":"System: Server started successfully","event":"Server started successfully","port":3000,"url":"http://localhost:3000","system":true,"pid":67910,"hostname":"ubuntu-desktop"}
{"timestamp":"2025-08-19T21:14:18.603Z","level":"INFO","message":"System: Server startup initiated","event":"Server startup initiated","system":true,"pid":68000,"hostname":"ubuntu-desktop"}
{"timestamp":"2025-08-19T21:14:18.608Z","level":"INFO","message":"System: Database initialized","event":"Database initialized","system":true,"pid":68000,"hostname":"ubuntu-desktop"}
{"timestamp":"2025-08-19T21:14:18.612Z","level":"INFO","message":"System: Server started successfully","event":"Server started successfully","port":3000,"url":"http://localhost:3000","system":true,"pid":68000,"hostname":"ubuntu-desktop"}
{"timestamp":"2025-08-19T21:14:33.348Z","level":"INFO","message":"System: Server startup initiated","event":"Server startup initiated","system":true,"pid":68081,"hostname":"ubuntu-desktop"}
{"timestamp":"2025-08-19T21:14:33.357Z","level":"INFO","message":"System: Database initialized","event":"Database initialized","system":true,"pid":68081,"hostname":"ubuntu-desktop"}
{"timestamp":"2025-08-19T21:14:33.359Z","level":"INFO","message":"System: Server started successfully","event":"Server started successfully","port":3000,"url":"http://localhost:3000","system":true,"pid":68081,"hostname":"ubuntu-desktop"}
{"timestamp":"2025-08-19T21:14:51.207Z","level":"INFO","message":"System: Server startup initiated","event":"Server startup initiated","system":true,"pid":68162,"hostname":"ubuntu-desktop"}
{"timestamp":"2025-08-19T21:14:51.215Z","level":"INFO","message":"System: Database initialized","event":"Database initialized","system":true,"pid":68162,"hostname":"ubuntu-desktop"}
{"timestamp":"2025-08-19T21:14:51.217Z","level":"INFO","message":"System: Server started successfully","event":"Server started successfully","port":3000,"url":"http://localhost:3000","system":true,"pid":68162,"hostname":"ubuntu-desktop"}
{"timestamp":"2025-08-19T21:15:34.074Z","level":"INFO","message":"System: Server startup initiated","event":"Server startup initiated","system":true,"pid":68246,"hostname":"ubuntu-desktop"}
{"timestamp":"2025-08-19T21:15:34.079Z","level":"INFO","message":"System: Database initialized","event":"Database initialized","system":true,"pid":68246,"hostname":"ubuntu-desktop"}
{"timestamp":"2025-08-19T21:15:34.080Z","level":"INFO","message":"System: Server started successfully","event":"Server started successfully","port":3000,"url":"http://localhost:3000","system":true,"pid":68246,"hostname":"ubuntu-desktop"}
{"timestamp":"2025-08-19T21:15:45.419Z","level":"INFO","message":"System: Server startup initiated","event":"Server startup initiated","system":true,"pid":68326,"hostname":"ubuntu-desktop"}
{"timestamp":"2025-08-19T21:15:45.426Z","level":"INFO","message":"System: Database initialized","event":"Database initialized","system":true,"pid":68326,"hostname":"ubuntu-desktop"}
{"timestamp":"2025-08-19T21:15:45.427Z","level":"INFO","message":"System: Server started successfully","event":"Server started successfully","port":3000,"url":"http://localhost:3000","system":true,"pid":68326,"hostname":"ubuntu-desktop"}
{"timestamp":"2025-08-19T21:16:20.058Z","level":"INFO","message":"System: Server startup initiated","event":"Server startup initiated","system":true,"pid":68406,"hostname":"ubuntu-desktop"}
{"timestamp":"2025-08-19T21:16:20.066Z","level":"INFO","message":"System: Database initialized","event":"Database initialized","system":true,"pid":68406,"hostname":"ubuntu-desktop"}
{"timestamp":"2025-08-19T21:16:20.067Z","level":"INFO","message":"System: Server started successfully","event":"Server started successfully","port":3000,"url":"http://localhost:3000","system":true,"pid":68406,"hostname":"ubuntu-desktop"}
{"timestamp":"2025-08-19T21:16:40.578Z","level":"INFO","message":"System: Server startup initiated","event":"Server startup initiated","system":true,"pid":68964,"hostname":"ubuntu-desktop"}
{"timestamp":"2025-08-19T21:16:40.591Z","level":"INFO","message":"System: Database initialized","event":"Database initialized","system":true,"pid":68964,"hostname":"ubuntu-desktop"}
{"timestamp":"2025-08-19T21:16:40.593Z","level":"INFO","message":"System: Server started successfully","event":"Server started successfully","port":3000,"url":"http://localhost:3000","system":true,"pid":68964,"hostname":"ubuntu-desktop"}
{"timestamp":"2025-08-19T21:16:50.798Z","level":"INFO","message":"System: Server startup initiated","event":"Server startup initiated","system":true,"pid":69063,"hostname":"ubuntu-desktop"}
{"timestamp":"2025-08-19T21:16:50.803Z","level":"INFO","message":"System: Database initialized","event":"Database initialized","system":true,"pid":69063,"hostname":"ubuntu-desktop"}
{"timestamp":"2025-08-19T21:16:50.805Z","level":"INFO","message":"System: Server started successfully","event":"Server started successfully","port":3000,"url":"http://localhost:3000","system":true,"pid":69063,"hostname":"ubuntu-desktop"}
{"timestamp":"2025-08-19T21:16:59.282Z","level":"INFO","message":"Request received","requestId":"wbh3gyglv","method":"POST","url":"/api/auth/login","userAgent":"curl/8.5.0","ip":"::1","pid":69063,"hostname":"ubuntu-desktop"}
{"timestamp":"2025-08-19T21:16:59.290Z","level":"INFO","message":"Request completed","requestId":"wbh3gyglv","method":"POST","url":"/api/auth/login","statusCode":400,"duration":8,"pid":69063,"hostname":"ubuntu-desktop"}
{"timestamp":"2025-08-19T21:17:06.437Z","level":"INFO","message":"Request received","requestId":"u6rldecx5","method":"POST","url":"/api/auth/login","userAgent":"curl/8.5.0","ip":"::1","pid":69063,"hostname":"ubuntu-desktop"}
{"timestamp":"2025-08-19T21:17:06.438Z","level":"INFO","message":"Login attempt","requestId":"u6rldecx5","identifier":"test@example.com","ip":"::1","pid":69063,"hostname":"ubuntu-desktop"}
{"timestamp":"2025-08-19T21:17:06.439Z","level":"INFO","message":"Request completed","requestId":"u6rldecx5","method":"POST","url":"/api/auth/login","statusCode":401,"duration":2,"pid":69063,"hostname":"ubuntu-desktop"}
{"timestamp":"2025-08-19T21:17:13.141Z","level":"INFO","message":"Request received","requestId":"j24xvyfez","method":"POST","url":"/api/auth/register","userAgent":"curl/8.5.0","ip":"::1","pid":69063,"hostname":"ubuntu-desktop"}
{"timestamp":"2025-08-19T21:17:13.143Z","level":"INFO","message":"User registration attempt","requestId":"j24xvyfez","email":"test@example.com","username":"testuser","ip":"::1","pid":69063,"hostname":"ubuntu-desktop"}
{"timestamp":"2025-08-19T21:17:13.144Z","level":"INFO","message":"Request completed","requestId":"j24xvyfez","method":"POST","url":"/api/auth/register","statusCode":409,"duration":3,"pid":69063,"hostname":"ubuntu-desktop"}
{"timestamp":"2025-08-19T21:17:18.471Z","level":"INFO","message":"Request received","requestId":"ylzyfxg84","method":"POST","url":"/api/auth/login","userAgent":"curl/8.5.0","ip":"::1","pid":69063,"hostname":"ubuntu-desktop"}
{"timestamp":"2025-08-19T21:17:18.472Z","level":"INFO","message":"Login attempt","requestId":"ylzyfxg84","identifier":"testuser","ip":"::1","pid":69063,"hostname":"ubuntu-desktop"}
{"timestamp":"2025-08-19T21:17:18.714Z","level":"INFO","message":"Login successful","requestId":"ylzyfxg84","userId":"0127cb80-e54d-4b52-81e6-52df1c6d991d","username":"testuser","pid":69063,"hostname":"ubuntu-desktop"}
{"timestamp":"2025-08-19T21:17:18.714Z","level":"INFO","message":"Request completed","requestId":"ylzyfxg84","method":"POST","url":"/api/auth/login","statusCode":200,"duration":243,"pid":69063,"hostname":"ubuntu-desktop"}
{"timestamp":"2025-08-19T21:17:28.515Z","level":"INFO","message":"Request received","requestId":"aek5cjsd3","method":"POST","url":"/api/tasks/test/create-samples","userAgent":"curl/8.5.0","ip":"::1","pid":69063,"hostname":"ubuntu-desktop"}
{"timestamp":"2025-08-19T21:17:28.515Z","level":"INFO","message":"Request completed","requestId":"aek5cjsd3","method":"POST","url":"/api/tasks/test/create-samples","statusCode":401,"duration":0,"pid":69063,"hostname":"ubuntu-desktop"}
{"timestamp":"2025-08-19T21:17:36.965Z","level":"INFO","message":"Request received","requestId":"brdtuuy23","method":"POST","url":"/api/auth/login","userAgent":"curl/8.5.0","ip":"::1","pid":69063,"hostname":"ubuntu-desktop"}
{"timestamp":"2025-08-19T21:17:36.965Z","level":"INFO","message":"Login attempt","requestId":"brdtuuy23","identifier":"testuser","ip":"::1","pid":69063,"hostname":"ubuntu-desktop"}
{"timestamp":"2025-08-19T21:17:37.195Z","level":"INFO","message":"Login successful","requestId":"brdtuuy23","userId":"0127cb80-e54d-4b52-81e6-52df1c6d991d","username":"testuser","pid":69063,"hostname":"ubuntu-desktop"}
{"timestamp":"2025-08-19T21:17:37.196Z","level":"INFO","message":"Request completed","requestId":"brdtuuy23","method":"POST","url":"/api/auth/login","statusCode":200,"duration":231,"pid":69063,"hostname":"ubuntu-desktop"}
{"timestamp":"2025-08-19T21:18:06.936Z","level":"INFO","message":"Request received","requestId":"lpj8hoh6v","method":"POST","url":"/api/auth/login","userAgent":"curl/8.5.0","ip":"::1","pid":69063,"hostname":"ubuntu-desktop"}
{"timestamp":"2025-08-19T21:18:06.937Z","level":"INFO","message":"Login attempt","requestId":"lpj8hoh6v","identifier":"testuser","ip":"::1","pid":69063,"hostname":"ubuntu-desktop"}
{"timestamp":"2025-08-19T21:18:07.169Z","level":"INFO","message":"Login successful","requestId":"lpj8hoh6v","userId":"0127cb80-e54d-4b52-81e6-52df1c6d991d","username":"testuser","pid":69063,"hostname":"ubuntu-desktop"}
{"timestamp":"2025-08-19T21:18:07.169Z","level":"INFO","message":"Request completed","requestId":"lpj8hoh6v","method":"POST","url":"/api/auth/login","statusCode":200,"duration":233,"pid":69063,"hostname":"ubuntu-desktop"}
{"timestamp":"2025-08-19T21:18:15.513Z","level":"INFO","message":"Request received","requestId":"ira4jcuk2","method":"POST","url":"/api/tasks/test/create-samples","userAgent":"curl/8.5.0","ip":"::1","pid":69063,"hostname":"ubuntu-desktop"}
{"timestamp":"2025-08-19T21:18:15.514Z","level":"INFO","message":"Request completed","requestId":"ira4jcuk2","method":"POST","url":"/api/tasks/test/create-samples","statusCode":401,"duration":1,"pid":69063,"hostname":"ubuntu-desktop"}
{"timestamp":"2025-08-19T21:18:44.714Z","level":"INFO","message":"Request received","requestId":"d0gn0mduc","method":"POST","url":"/api/auth/login","userAgent":"PostmanRuntime/7.45.0","ip":"::1","pid":69063,"hostname":"ubuntu-desktop"}
{"timestamp":"2025-08-19T21:18:44.714Z","level":"INFO","message":"Login attempt","requestId":"d0gn0mduc","identifier":"testuser","ip":"::1","pid":69063,"hostname":"ubuntu-desktop"}
{"timestamp":"2025-08-19T21:18:44.944Z","level":"INFO","message":"Login successful","requestId":"d0gn0mduc","userId":"0127cb80-e54d-4b52-81e6-52df1c6d991d","username":"testuser","pid":69063,"hostname":"ubuntu-desktop"}
{"timestamp":"2025-08-19T21:18:44.944Z","level":"INFO","message":"Request completed","requestId":"d0gn0mduc","method":"POST","url":"/api/auth/login","statusCode":200,"duration":230,"pid":69063,"hostname":"ubuntu-desktop"}
{"timestamp":"2025-08-19T21:19:01.793Z","level":"INFO","message":"Request received","requestId":"beirz7lml","method":"POST","url":"/api/tasks/test/create-samples","userAgent":"PostmanRuntime/7.45.0","ip":"::1","pid":69063,"hostname":"ubuntu-desktop"}
{"timestamp":"2025-08-19T21:19:01.795Z","level":"INFO","message":"Creating sample tasks for filter testing","requestId":"beirz7lml","userId":"0127cb80-e54d-4b52-81e6-52df1c6d991d","pid":69063,"hostname":"ubuntu-desktop"}
{"timestamp":"2025-08-19T21:19:01.796Z","level":"INFO","message":"Request completed","requestId":"beirz7lml","method":"POST","url":"/api/tasks/test/create-samples","statusCode":500,"duration":3,"userId":"0127cb80-e54d-4b52-81e6-52df1c6d991d","pid":69063,"hostname":"ubuntu-desktop"}
{"timestamp":"2025-08-19T21:19:25.696Z","level":"INFO","message":"Request received","requestId":"s3z4e3lz1","method":"GET","url":"/api/tasks","userAgent":"PostmanRuntime/7.45.0","ip":"::1","pid":69063,"hostname":"ubuntu-desktop"}
{"timestamp":"2025-08-19T21:19:25.698Z","level":"INFO","message":"Tasks list requested with advanced filters","requestId":"s3z4e3lz1","userId":"0127cb80-e54d-4b52-81e6-52df1c6d991d","filters":{},"pid":69063,"hostname":"ubuntu-desktop"}
{"timestamp":"2025-08-19T21:19:25.699Z","level":"INFO","message":"Request completed","requestId":"s3z4e3lz1","method":"GET","url":"/api/tasks","statusCode":500,"duration":3,"userId":"0127cb80-e54d-4b52-81e6-52df1c6d991d","pid":69063,"hostname":"ubuntu-desktop"}
{"timestamp":"2025-08-19T21:19:42.389Z","level":"INFO","message":"Request received","requestId":"xgeymhkdy","method":"POST","url":"/api/auth/login","userAgent":"PostmanRuntime/7.45.0","ip":"::1","pid":69063,"hostname":"ubuntu-desktop"}
{"timestamp":"2025-08-19T21:19:42.389Z","level":"INFO","message":"Login attempt","requestId":"xgeymhkdy","identifier":"testuser","ip":"::1","pid":69063,"hostname":"ubuntu-desktop"}
{"timestamp":"2025-08-19T21:19:42.620Z","level":"INFO","message":"Login successful","requestId":"xgeymhkdy","userId":"0127cb80-e54d-4b52-81e6-52df1c6d991d","username":"testuser","pid":69063,"hostname":"ubuntu-desktop"}
{"timestamp":"2025-08-19T21:19:42.621Z","level":"INFO","message":"Request completed","requestId":"xgeymhkdy","method":"POST","url":"/api/auth/login","statusCode":200,"duration":232,"pid":69063,"hostname":"ubuntu-desktop"}
{"timestamp":"2025-08-19T21:19:59.042Z","level":"INFO","message":"Request received","requestId":"c3w7uun1u","method":"POST","url":"/api/tasks/test/create-samples","userAgent":"PostmanRuntime/7.45.0","ip":"::1","pid":69063,"hostname":"ubuntu-desktop"}
{"timestamp":"2025-08-19T21:19:59.043Z","level":"INFO","message":"Creating sample tasks for filter testing","requestId":"c3w7uun1u","userId":"0127cb80-e54d-4b52-81e6-52df1c6d991d","pid":69063,"hostname":"ubuntu-desktop"}
{"timestamp":"2025-08-19T21:19:59.044Z","level":"INFO","message":"Request completed","requestId":"c3w7uun1u","method":"POST","url":"/api/tasks/test/create-samples","statusCode":500,"duration":2,"userId":"0127cb80-e54d-4b52-81e6-52df1c6d991d","pid":69063,"hostname":"ubuntu-desktop"}
{"timestamp":"2025-08-19T21:20:03.414Z","level":"INFO","message":"Request received","requestId":"gl18293d8","method":"GET","url":"/api/tasks/test","userAgent":"PostmanRuntime/7.45.0","ip":"::1","pid":69063,"hostname":"ubuntu-desktop"}
{"timestamp":"2025-08-19T21:20:03.415Z","level":"INFO","message":"Fetching task by ID","requestId":"gl18293d8","userId":"0127cb80-e54d-4b52-81e6-52df1c6d991d","taskId":"test","pid":69063,"hostname":"ubuntu-desktop"}
{"timestamp":"2025-08-19T21:20:03.416Z","level":"INFO","message":"Request completed","requestId":"gl18293d8","method":"GET","url":"/api/tasks/test","statusCode":500,"duration":2,"userId":"0127cb80-e54d-4b52-81e6-52df1c6d991d","pid":69063,"hostname":"ubuntu-desktop"}
{"timestamp":"2025-08-19T21:20:05.178Z","level":"INFO","message":"Request received","requestId":"g7hykvnau","method":"GET","url":"/api/tasks","userAgent":"PostmanRuntime/7.45.0","ip":"::1","pid":69063,"hostname":"ubuntu-desktop"}
{"timestamp":"2025-08-19T21:20:05.179Z","level":"INFO","message":"Tasks list requested with advanced filters","requestId":"g7hykvnau","userId":"0127cb80-e54d-4b52-81e6-52df1c6d991d","filters":{},"pid":69063,"hostname":"ubuntu-desktop"}
{"timestamp":"2025-08-19T21:20:05.179Z","level":"INFO","message":"Request completed","requestId":"g7hykvnau","method":"GET","url":"/api/tasks","statusCode":500,"duration":1,"userId":"0127cb80-e54d-4b52-81e6-52df1c6d991d","pid":69063,"hostname":"ubuntu-desktop"}
{"timestamp":"2025-08-19T21:20:19.747Z","level":"INFO","message":"Request received","requestId":"vl5gdwxz0","method":"GET","url":"/api/task","userAgent":"PostmanRuntime/7.45.0","ip":"::1","pid":69063,"hostname":"ubuntu-desktop"}
{"timestamp":"2025-08-19T21:20:19.748Z","level":"INFO","message":"Request completed","requestId":"vl5gdwxz0","method":"GET","url":"/api/task","statusCode":404,"duration":1,"pid":69063,"hostname":"ubuntu-desktop"}
{"timestamp":"2025-08-19T21:20:21.998Z","level":"INFO","message":"Request received","requestId":"oqcp3mijf","method":"GET","url":"/api/taskS","userAgent":"PostmanRuntime/7.45.0","ip":"::1","pid":69063,"hostname":"ubuntu-desktop"}
{"timestamp":"2025-08-19T21:20:22.000Z","level":"INFO","message":"Tasks list requested with advanced filters","requestId":"oqcp3mijf","userId":"0127cb80-e54d-4b52-81e6-52df1c6d991d","filters":{},"pid":69063,"hostname":"ubuntu-desktop"}
{"timestamp":"2025-08-19T21:20:22.000Z","level":"INFO","message":"Request completed","requestId":"oqcp3mijf","method":"GET","url":"/api/taskS","statusCode":500,"duration":2,"userId":"0127cb80-e54d-4b52-81e6-52df1c6d991d","pid":69063,"hostname":"ubuntu-desktop"}
{"timestamp":"2025-08-19T21:21:35.293Z","level":"INFO","message":"System: Server startup initiated","event":"Server startup initiated","system":true,"pid":72308,"hostname":"ubuntu-desktop"}
{"timestamp":"2025-08-19T21:21:35.300Z","level":"INFO","message":"System: Database initialized","event":"Database initialized","system":true,"pid":72308,"hostname":"ubuntu-desktop"}
{"timestamp":"2025-08-19T21:21:35.302Z","level":"INFO","message":"System: Server started successfully","event":"Server started successfully","port":3000,"url":"http://localhost:3000","system":true,"pid":72308,"hostname":"ubuntu-desktop"}
{"timestamp":"2025-08-19T21:21:51.524Z","level":"INFO","message":"Request received","requestId":"io7elqzfg","method":"GET","url":"/api/auth/login","userAgent":"PostmanRuntime/7.45.0","ip":"::1","pid":72308,"hostname":"ubuntu-desktop"}
{"timestamp":"2025-08-19T21:21:51.531Z","level":"INFO","message":"Request completed","requestId":"io7elqzfg","method":"GET","url":"/api/auth/login","statusCode":404,"duration":7,"pid":72308,"hostname":"ubuntu-desktop"}
{"timestamp":"2025-08-19T21:21:56.534Z","level":"INFO","message":"Request received","requestId":"0y0l7atte","method":"POST","url":"/api/auth/login","userAgent":"PostmanRuntime/7.45.0","ip":"::1","pid":72308,"hostname":"ubuntu-desktop"}
{"timestamp":"2025-08-19T21:21:56.536Z","level":"INFO","message":"Login attempt","requestId":"0y0l7atte","identifier":"testuser","ip":"::1","pid":72308,"hostname":"ubuntu-desktop"}
{"timestamp":"2025-08-19T21:21:56.781Z","level":"INFO","message":"Login successful","requestId":"0y0l7atte","userId":"0127cb80-e54d-4b52-81e6-52df1c6d991d","username":"testuser","pid":72308,"hostname":"ubuntu-desktop"}
{"timestamp":"2025-08-19T21:21:56.781Z","level":"INFO","message":"Request completed","requestId":"0y0l7atte","method":"POST","url":"/api/auth/login","statusCode":200,"duration":247,"pid":72308,"hostname":"ubuntu-desktop"}
{"timestamp":"2025-08-19T21:22:46.215Z","level":"INFO","message":"System: Server startup initiated","event":"Server startup initiated","system":true,"pid":72777,"hostname":"ubuntu-desktop"}
{"timestamp":"2025-08-19T21:22:46.221Z","level":"INFO","message":"System: Database initialized","event":"Database initialized","system":true,"pid":72777,"hostname":"ubuntu-desktop"}
{"timestamp":"2025-08-19T21:22:46.223Z","level":"INFO","message":"System: Server started successfully","event":"Server started successfully","port":3000,"url":"http://localhost:3000","system":true,"pid":72777,"hostname":"ubuntu-desktop"}
{"timestamp":"2025-08-19T21:22:48.657Z","level":"INFO","message":"Request received","requestId":"gfhzdq82q","method":"POST","url":"/api/auth/login","userAgent":"PostmanRuntime/7.45.0","ip":"::1","pid":72777,"hostname":"ubuntu-desktop"}
{"timestamp":"2025-08-19T21:22:48.663Z","level":"INFO","message":"Login attempt","requestId":"gfhzdq82q","identifier":"testuser","ip":"::1","pid":72777,"hostname":"ubuntu-desktop"}
{"timestamp":"2025-08-19T21:22:48.909Z","level":"INFO","message":"Login successful","requestId":"gfhzdq82q","userId":"0127cb80-e54d-4b52-81e6-52df1c6d991d","username":"testuser","pid":72777,"hostname":"ubuntu-desktop"}
{"timestamp":"2025-08-19T21:22:48.909Z","level":"INFO","message":"Request completed","requestId":"gfhzdq82q","method":"POST","url":"/api/auth/login","statusCode":200,"duration":253,"pid":72777,"hostname":"ubuntu-desktop"}
{"timestamp":"2025-08-19T21:22:55.984Z","level":"INFO","message":"Request received","requestId":"l3nkftv0m","method":"POST","url":"/api/tasks/test","userAgent":"PostmanRuntime/7.45.0","ip":"::1","pid":72777,"hostname":"ubuntu-desktop"}
{"timestamp":"2025-08-19T21:22:55.987Z","level":"INFO","message":"Request completed","requestId":"l3nkftv0m","method":"POST","url":"/api/tasks/test","statusCode":404,"duration":3,"userId":"0127cb80-e54d-4b52-81e6-52df1c6d991d","pid":72777,"hostname":"ubuntu-desktop"}
{"timestamp":"2025-08-19T21:23:02.137Z","level":"INFO","message":"Request received","requestId":"9fpe2zx91","method":"POST","url":"/api/tasks/test/create-samples","userAgent":"PostmanRuntime/7.45.0","ip":"::1","pid":72777,"hostname":"ubuntu-desktop"}
{"timestamp":"2025-08-19T21:23:02.139Z","level":"INFO","message":"Creating sample tasks for filter testing","requestId":"9fpe2zx91","userId":"0127cb80-e54d-4b52-81e6-52df1c6d991d","pid":72777,"hostname":"ubuntu-desktop"}
{"timestamp":"2025-08-19T21:23:02.142Z","level":"INFO","message":"Request completed","requestId":"9fpe2zx91","method":"POST","url":"/api/tasks/test/create-samples","statusCode":500,"duration":5,"userId":"0127cb80-e54d-4b52-81e6-52df1c6d991d","pid":72777,"hostname":"ubuntu-desktop"}
{"timestamp":"2025-08-19T21:23:34.526Z","level":"INFO","message":"System: Server startup initiated","event":"Server startup initiated","system":true,"pid":72969,"hostname":"ubuntu-desktop"}
{"timestamp":"2025-08-19T21:23:34.570Z","level":"INFO","message":"System: Database initialized","event":"Database initialized","system":true,"pid":72969,"hostname":"ubuntu-desktop"}
{"timestamp":"2025-08-19T21:23:34.572Z","level":"INFO","message":"System: Server started successfully","event":"Server started successfully","port":3000,"url":"http://localhost:3000","system":true,"pid":72969,"hostname":"ubuntu-desktop"}
{"timestamp":"2025-08-19T21:23:49.365Z","level":"INFO","message":"System: Server startup initiated","event":"Server startup initiated","system":true,"pid":73609,"hostname":"ubuntu-desktop"}
{"timestamp":"2025-08-19T21:23:49.372Z","level":"INFO","message":"System: Database initialized","event":"Database initialized","system":true,"pid":73609,"hostname":"ubuntu-desktop"}
{"timestamp":"2025-08-19T21:23:49.374Z","level":"INFO","message":"System: Server started successfully","event":"Server started successfully","port":3000,"url":"http://localhost:3000","system":true,"pid":73609,"hostname":"ubuntu-desktop"}
{"timestamp":"2025-08-19T21:24:09.686Z","level":"INFO","message":"Request received","requestId":"hm841ffy1","method":"POST","url":"/api/auth/login","userAgent":"PostmanRuntime/7.45.0","ip":"::1","pid":73609,"hostname":"ubuntu-desktop"}
{"timestamp":"2025-08-19T21:24:09.694Z","level":"INFO","message":"Login attempt","requestId":"hm841ffy1","identifier":"testuser","ip":"::1","pid":73609,"hostname":"ubuntu-desktop"}
{"timestamp":"2025-08-19T21:24:09.952Z","level":"INFO","message":"Login successful","requestId":"hm841ffy1","userId":"0127cb80-e54d-4b52-81e6-52df1c6d991d","username":"testuser","pid":73609,"hostname":"ubuntu-desktop"}
{"timestamp":"2025-08-19T21:24:09.952Z","level":"INFO","message":"Request completed","requestId":"hm841ffy1","method":"POST","url":"/api/auth/login","statusCode":200,"duration":266,"pid":73609,"hostname":"ubuntu-desktop"}
{"timestamp":"2025-08-19T21:24:16.034Z","level":"INFO","message":"Request received","requestId":"ka7dwisei","method":"POST","url":"/api/auth/login","userAgent":"PostmanRuntime/7.45.0","ip":"::1","pid":73609,"hostname":"ubuntu-desktop"}
{"timestamp":"2025-08-19T21:24:16.035Z","level":"INFO","message":"Login attempt","requestId":"ka7dwisei","identifier":"testuser","ip":"::1","pid":73609,"hostname":"ubuntu-desktop"}
{"timestamp":"2025-08-19T21:24:16.267Z","level":"INFO","message":"Login successful","requestId":"ka7dwisei","userId":"0127cb80-e54d-4b52-81e6-52df1c6d991d","username":"testuser","pid":73609,"hostname":"ubuntu-desktop"}
{"timestamp":"2025-08-19T21:24:16.267Z","level":"INFO","message":"Request completed","requestId":"ka7dwisei","method":"POST","url":"/api/auth/login","statusCode":200,"duration":233,"pid":73609,"hostname":"ubuntu-desktop"}
{"timestamp":"2025-08-19T21:24:26.281Z","level":"INFO","message":"Request received","requestId":"7xoby3cgb","method":"POST","url":"/api/tasks/test/create-samples","userAgent":"PostmanRuntime/7.45.0","ip":"::1","pid":73609,"hostname":"ubuntu-desktop"}
{"timestamp":"2025-08-19T21:24:26.283Z","level":"INFO","message":"Creating sample tasks for filter testing","requestId":"7xoby3cgb","userId":"0127cb80-e54d-4b52-81e6-52df1c6d991d","pid":73609,"hostname":"ubuntu-desktop"}
{"timestamp":"2025-08-19T21:24:26.319Z","level":"INFO","message":"Request completed","requestId":"7xoby3cgb","method":"POST","url":"/api/tasks/test/create-samples","statusCode":201,"duration":38,"userId":"0127cb80-e54d-4b52-81e6-52df1c6d991d","pid":73609,"hostname":"ubuntu-desktop"}
{"timestamp":"2025-08-19T21:24:36.526Z","level":"INFO","message":"Request received","requestId":"egx6lvhpd","method":"POST","url":"/api/tasks?category=work","userAgent":"PostmanRuntime/7.45.0","ip":"::1","pid":73609,"hostname":"ubuntu-desktop"}
{"timestamp":"2025-08-19T21:24:36.528Z","level":"INFO","message":"Request completed","requestId":"egx6lvhpd","method":"POST","url":"/api/tasks?category=work","statusCode":400,"duration":2,"userId":"0127cb80-e54d-4b52-81e6-52df1c6d991d","pid":73609,"hostname":"ubuntu-desktop"}
{"timestamp":"2025-08-19T21:24:46.947Z","level":"INFO","message":"Request received","requestId":"hz3bwdtts","method":"GET","url":"/api/tasks?category=work","userAgent":"PostmanRuntime/7.45.0","ip":"::1","pid":73609,"hostname":"ubuntu-desktop"}
{"timestamp":"2025-08-19T21:24:46.949Z","level":"INFO","message":"Tasks list requested with advanced filters","requestId":"hz3bwdtts","userId":"0127cb80-e54d-4b52-81e6-52df1c6d991d","filters":{"category":"work"},"pid":73609,"hostname":"ubuntu-desktop"}
{"timestamp":"2025-08-19T21:24:46.950Z","level":"INFO","message":"Performance: tasks-list-advanced","operation":"tasks-list-advanced","duration":1,"userId":"0127cb80-e54d-4b52-81e6-52df1c6d991d","totalItems":1,"returnedItems":1,"page":1,"filters":{"page":1,"limit":10,"category":"work"},"performance":true,"pid":73609,"hostname":"ubuntu-desktop"}
{"timestamp":"2025-08-19T21:24:46.950Z","level":"INFO","message":"Request completed","requestId":"hz3bwdtts","method":"GET","url":"/api/tasks?category=work","statusCode":200,"duration":3,"userId":"0127cb80-e54d-4b52-81e6-52df1c6d991d","pid":73609,"hostname":"ubuntu-desktop"}
{"timestamp":"2025-08-19T21:25:06.277Z","level":"INFO","message":"Request received","requestId":"51gbojfy2","method":"GET","url":"/api/tasks?tags=javascript,programming","userAgent":"PostmanRuntime/7.45.0","ip":"::1","pid":73609,"hostname":"ubuntu-desktop"}
{"timestamp":"2025-08-19T21:25:06.278Z","level":"INFO","message":"Tasks list requested with advanced filters","requestId":"51gbojfy2","userId":"0127cb80-e54d-4b52-81e6-52df1c6d991d","filters":{"tags":"javascript,programming"},"pid":73609,"hostname":"ubuntu-desktop"}
{"timestamp":"2025-08-19T21:25:06.279Z","level":"INFO","message":"Performance: tasks-list-advanced","operation":"tasks-list-advanced","duration":1,"userId":"0127cb80-e54d-4b52-81e6-52df1c6d991d","totalItems":1,"returnedItems":1,"page":1,"filters":{"page":1,"limit":10,"tags":["javascript","programming"]},"performance":true,"pid":73609,"hostname":"ubuntu-desktop"}
{"timestamp":"2025-08-19T21:25:06.279Z","level":"INFO","message":"Request completed","requestId":"51gbojfy2","method":"GET","url":"/api/tasks?tags=javascript,programming","statusCode":200,"duration":2,"userId":"0127cb80-e54d-4b52-81e6-52df1c6d991d","pid":73609,"hostname":"ubuntu-desktop"}
